{"/home/kirill/hexlet/projects/frontend-project-lvl2/bin/getDiff.js": {"path":"/home/kirill/hexlet/projects/frontend-project-lvl2/bin/getDiff.js","all":false,"statementMap":{"0":{"start":{"line":1,"column":0},"end":{"line":1,"column":24}},"1":{"start":{"line":2,"column":0},"end":{"line":2,"column":25}},"2":{"start":{"line":3,"column":0},"end":{"line":3,"column":40}},"3":{"start":{"line":4,"column":0},"end":{"line":4,"column":33}},"4":{"start":{"line":5,"column":0},"end":{"line":5,"column":0}},"5":{"start":{"line":6,"column":0},"end":{"line":6,"column":61}},"6":{"start":{"line":7,"column":0},"end":{"line":7,"column":0}},"7":{"start":{"line":8,"column":0},"end":{"line":8,"column":74}},"8":{"start":{"line":9,"column":0},"end":{"line":9,"column":0}},"9":{"start":{"line":10,"column":0},"end":{"line":10,"column":43}},"10":{"start":{"line":11,"column":0},"end":{"line":11,"column":56}},"11":{"start":{"line":12,"column":0},"end":{"line":12,"column":0}},"12":{"start":{"line":13,"column":0},"end":{"line":13,"column":18}},"13":{"start":{"line":14,"column":0},"end":{"line":14,"column":40}},"14":{"start":{"line":15,"column":0},"end":{"line":15,"column":40}},"15":{"start":{"line":16,"column":0},"end":{"line":16,"column":49}},"16":{"start":{"line":17,"column":0},"end":{"line":17,"column":32}},"17":{"start":{"line":18,"column":0},"end":{"line":18,"column":89}},"18":{"start":{"line":19,"column":0},"end":{"line":19,"column":0}},"19":{"start":{"line":20,"column":0},"end":{"line":20,"column":18}},"20":{"start":{"line":21,"column":0},"end":{"line":21,"column":40}},"21":{"start":{"line":22,"column":0},"end":{"line":22,"column":49}},"22":{"start":{"line":23,"column":0},"end":{"line":23,"column":32}},"23":{"start":{"line":24,"column":0},"end":{"line":24,"column":89}},"24":{"start":{"line":25,"column":0},"end":{"line":25,"column":47}},"25":{"start":{"line":26,"column":0},"end":{"line":26,"column":2}},"26":{"start":{"line":27,"column":0},"end":{"line":27,"column":0}},"27":{"start":{"line":28,"column":0},"end":{"line":28,"column":23}}},"s":{"0":1,"1":1,"2":1,"3":1,"4":1,"5":1,"6":1,"7":1,"8":1,"9":1,"10":1,"11":1,"12":1,"13":1,"14":1,"15":1,"16":1,"17":1,"18":1,"19":1,"20":1,"21":1,"22":1,"23":1,"24":1,"25":1,"26":1,"27":1},"branchMap":{"0":{"type":"branch","line":1,"loc":{"start":{"line":1,"column":0},"end":{"line":28,"column":23}},"locations":[{"start":{"line":1,"column":0},"end":{"line":28,"column":23}}]},"1":{"type":"branch","line":6,"loc":{"start":{"line":6,"column":21},"end":{"line":6,"column":60}},"locations":[{"start":{"line":6,"column":21},"end":{"line":6,"column":60}}]},"2":{"type":"branch","line":8,"loc":{"start":{"line":8,"column":26},"end":{"line":8,"column":73}},"locations":[{"start":{"line":8,"column":26},"end":{"line":8,"column":73}}]},"3":{"type":"branch","line":10,"loc":{"start":{"line":10,"column":16},"end":{"line":26,"column":1}},"locations":[{"start":{"line":10,"column":16},"end":{"line":26,"column":1}}]},"4":{"type":"branch","line":18,"loc":{"start":{"line":18,"column":73},"end":{"line":18,"column":88}},"locations":[{"start":{"line":18,"column":73},"end":{"line":18,"column":88}}]},"5":{"type":"branch","line":24,"loc":{"start":{"line":24,"column":73},"end":{"line":24,"column":88}},"locations":[{"start":{"line":24,"column":73},"end":{"line":24,"column":88}}]}},"b":{"0":[1],"1":[1],"2":[2],"3":[1],"4":[0],"5":[0]},"fnMap":{"0":{"name":"getExtension","decl":{"start":{"line":6,"column":21},"end":{"line":6,"column":60}},"loc":{"start":{"line":6,"column":21},"end":{"line":6,"column":60}},"line":6},"1":{"name":"parseFileAsString","decl":{"start":{"line":8,"column":26},"end":{"line":8,"column":73}},"loc":{"start":{"line":8,"column":26},"end":{"line":8,"column":73}},"line":8},"2":{"name":"getDiff","decl":{"start":{"line":10,"column":16},"end":{"line":26,"column":1}},"loc":{"start":{"line":10,"column":16},"end":{"line":26,"column":1}},"line":10}},"f":{"0":1,"1":2,"2":1}}
,"/home/kirill/hexlet/projects/frontend-project-lvl2/src/gendiff.js": {"path":"/home/kirill/hexlet/projects/frontend-project-lvl2/src/gendiff.js","all":false,"statementMap":{"0":{"start":{"line":1,"column":0},"end":{"line":1,"column":23}},"1":{"start":{"line":2,"column":0},"end":{"line":2,"column":0}},"2":{"start":{"line":3,"column":0},"end":{"line":3,"column":30}},"3":{"start":{"line":4,"column":0},"end":{"line":4,"column":42}},"4":{"start":{"line":5,"column":0},"end":{"line":5,"column":23}},"5":{"start":{"line":6,"column":0},"end":{"line":6,"column":49}},"6":{"start":{"line":7,"column":0},"end":{"line":7,"column":17}},"7":{"start":{"line":8,"column":0},"end":{"line":8,"column":5}},"8":{"start":{"line":9,"column":0},"end":{"line":9,"column":34}},"9":{"start":{"line":10,"column":0},"end":{"line":10,"column":18}},"10":{"start":{"line":11,"column":0},"end":{"line":11,"column":9}},"11":{"start":{"line":12,"column":0},"end":{"line":12,"column":14}},"12":{"start":{"line":13,"column":0},"end":{"line":13,"column":2}},"13":{"start":{"line":14,"column":0},"end":{"line":14,"column":0}},"14":{"start":{"line":15,"column":0},"end":{"line":15,"column":33}},"15":{"start":{"line":16,"column":0},"end":{"line":16,"column":65}},"16":{"start":{"line":17,"column":0},"end":{"line":17,"column":34}},"17":{"start":{"line":18,"column":0},"end":{"line":18,"column":42}},"18":{"start":{"line":19,"column":0},"end":{"line":19,"column":54}},"19":{"start":{"line":20,"column":0},"end":{"line":20,"column":0}},"20":{"start":{"line":21,"column":0},"end":{"line":21,"column":47}},"21":{"start":{"line":22,"column":0},"end":{"line":22,"column":30}},"22":{"start":{"line":23,"column":0},"end":{"line":23,"column":63}},"23":{"start":{"line":24,"column":0},"end":{"line":24,"column":36}},"24":{"start":{"line":25,"column":0},"end":{"line":25,"column":34}},"25":{"start":{"line":26,"column":0},"end":{"line":26,"column":49}},"26":{"start":{"line":27,"column":0},"end":{"line":27,"column":22}},"27":{"start":{"line":28,"column":0},"end":{"line":28,"column":7}},"28":{"start":{"line":29,"column":0},"end":{"line":29,"column":30}},"29":{"start":{"line":30,"column":0},"end":{"line":30,"column":30}},"30":{"start":{"line":31,"column":0},"end":{"line":31,"column":31}},"31":{"start":{"line":32,"column":0},"end":{"line":32,"column":31}},"32":{"start":{"line":33,"column":0},"end":{"line":33,"column":45}},"33":{"start":{"line":34,"column":0},"end":{"line":34,"column":23}},"34":{"start":{"line":35,"column":0},"end":{"line":35,"column":8}},"35":{"start":{"line":36,"column":0},"end":{"line":36,"column":20}},"36":{"start":{"line":37,"column":0},"end":{"line":37,"column":5}},"37":{"start":{"line":38,"column":0},"end":{"line":38,"column":64}},"38":{"start":{"line":39,"column":0},"end":{"line":39,"column":30}},"39":{"start":{"line":40,"column":0},"end":{"line":40,"column":31}},"40":{"start":{"line":41,"column":0},"end":{"line":41,"column":46}},"41":{"start":{"line":42,"column":0},"end":{"line":42,"column":20}},"42":{"start":{"line":43,"column":0},"end":{"line":43,"column":5}},"43":{"start":{"line":44,"column":0},"end":{"line":44,"column":64}},"44":{"start":{"line":45,"column":0},"end":{"line":45,"column":30}},"45":{"start":{"line":46,"column":0},"end":{"line":46,"column":31}},"46":{"start":{"line":47,"column":0},"end":{"line":47,"column":46}},"47":{"start":{"line":48,"column":0},"end":{"line":48,"column":20}},"48":{"start":{"line":49,"column":0},"end":{"line":49,"column":5}},"49":{"start":{"line":50,"column":0},"end":{"line":50,"column":15}},"50":{"start":{"line":51,"column":0},"end":{"line":51,"column":9}},"51":{"start":{"line":52,"column":0},"end":{"line":52,"column":0}},"52":{"start":{"line":53,"column":0},"end":{"line":53,"column":76}},"53":{"start":{"line":54,"column":0},"end":{"line":54,"column":29}},"54":{"start":{"line":55,"column":0},"end":{"line":55,"column":64}},"55":{"start":{"line":56,"column":0},"end":{"line":56,"column":26}},"56":{"start":{"line":57,"column":0},"end":{"line":57,"column":5}},"57":{"start":{"line":58,"column":0},"end":{"line":58,"column":43}},"58":{"start":{"line":59,"column":0},"end":{"line":59,"column":67}},"59":{"start":{"line":60,"column":0},"end":{"line":60,"column":26}},"60":{"start":{"line":61,"column":0},"end":{"line":61,"column":5}},"61":{"start":{"line":62,"column":0},"end":{"line":62,"column":62}},"62":{"start":{"line":63,"column":0},"end":{"line":63,"column":24}},"63":{"start":{"line":64,"column":0},"end":{"line":64,"column":9}},"64":{"start":{"line":65,"column":0},"end":{"line":65,"column":62}},"65":{"start":{"line":66,"column":0},"end":{"line":66,"column":28}},"66":{"start":{"line":67,"column":0},"end":{"line":67,"column":44}},"67":{"start":{"line":68,"column":0},"end":{"line":68,"column":20}},"68":{"start":{"line":69,"column":0},"end":{"line":69,"column":2}},"69":{"start":{"line":70,"column":0},"end":{"line":70,"column":0}},"70":{"start":{"line":71,"column":0},"end":{"line":71,"column":23}}},"s":{"0":1,"1":1,"2":1,"3":1,"4":7,"5":7,"6":2,"7":2,"8":5,"9":5,"10":1,"11":1,"12":1,"13":1,"14":1,"15":1,"16":1,"17":1,"18":1,"19":1,"20":1,"21":5,"22":5,"23":2,"24":1,"25":1,"26":1,"27":1,"28":1,"29":1,"30":1,"31":1,"32":1,"33":1,"34":1,"35":1,"36":1,"37":5,"38":2,"39":2,"40":2,"41":2,"42":2,"43":5,"44":1,"45":1,"46":1,"47":1,"48":1,"49":0,"50":1,"51":1,"52":1,"53":6,"54":1,"55":1,"56":1,"57":6,"58":1,"59":1,"60":1,"61":4,"62":4,"63":1,"64":1,"65":1,"66":1,"67":1,"68":1,"69":1,"70":1},"branchMap":{"0":{"type":"branch","line":1,"loc":{"start":{"line":1,"column":0},"end":{"line":71,"column":23}},"locations":[{"start":{"line":1,"column":0},"end":{"line":71,"column":23}}]},"1":{"type":"branch","line":3,"loc":{"start":{"line":3,"column":20},"end":{"line":13,"column":1}},"locations":[{"start":{"line":3,"column":20},"end":{"line":13,"column":1}}]},"2":{"type":"branch","line":4,"loc":{"start":{"line":4,"column":26},"end":{"line":11,"column":3}},"locations":[{"start":{"line":4,"column":26},"end":{"line":11,"column":3}}]},"3":{"type":"branch","line":6,"loc":{"start":{"line":6,"column":48},"end":{"line":8,"column":5}},"locations":[{"start":{"line":6,"column":48},"end":{"line":8,"column":5}}]},"4":{"type":"branch","line":9,"loc":{"start":{"line":9,"column":-1},"end":{"line":11,"column":2}},"locations":[{"start":{"line":9,"column":-1},"end":{"line":11,"column":2}}]},"5":{"type":"branch","line":6,"loc":{"start":{"line":6,"column":17},"end":{"line":6,"column":45}},"locations":[{"start":{"line":6,"column":17},"end":{"line":6,"column":45}}]},"6":{"type":"branch","line":15,"loc":{"start":{"line":15,"column":16},"end":{"line":69,"column":1}},"locations":[{"start":{"line":15,"column":16},"end":{"line":69,"column":1}}]},"7":{"type":"branch","line":21,"loc":{"start":{"line":21,"column":31},"end":{"line":51,"column":3}},"locations":[{"start":{"line":21,"column":31},"end":{"line":51,"column":3}}]},"8":{"type":"branch","line":23,"loc":{"start":{"line":23,"column":33},"end":{"line":23,"column":60}},"locations":[{"start":{"line":23,"column":33},"end":{"line":23,"column":60}}]},"9":{"type":"branch","line":23,"loc":{"start":{"line":23,"column":62},"end":{"line":37,"column":5}},"locations":[{"start":{"line":23,"column":62},"end":{"line":37,"column":5}}]},"10":{"type":"branch","line":24,"loc":{"start":{"line":24,"column":35},"end":{"line":37,"column":5}},"locations":[{"start":{"line":24,"column":35},"end":{"line":37,"column":5}}]},"11":{"type":"branch","line":38,"loc":{"start":{"line":38,"column":-1},"end":{"line":38,"column":33}},"locations":[{"start":{"line":38,"column":-1},"end":{"line":38,"column":33}}]},"12":{"type":"branch","line":38,"loc":{"start":{"line":38,"column":33},"end":{"line":38,"column":61}},"locations":[{"start":{"line":38,"column":33},"end":{"line":38,"column":61}}]},"13":{"type":"branch","line":38,"loc":{"start":{"line":38,"column":63},"end":{"line":43,"column":5}},"locations":[{"start":{"line":38,"column":63},"end":{"line":43,"column":5}}]},"14":{"type":"branch","line":44,"loc":{"start":{"line":44,"column":-1},"end":{"line":44,"column":61}},"locations":[{"start":{"line":44,"column":-1},"end":{"line":44,"column":61}}]},"15":{"type":"branch","line":44,"loc":{"start":{"line":44,"column":63},"end":{"line":49,"column":5}},"locations":[{"start":{"line":44,"column":63},"end":{"line":49,"column":5}}]},"16":{"type":"branch","line":50,"loc":{"start":{"line":50,"column":-1},"end":{"line":51,"column":2}},"locations":[{"start":{"line":50,"column":-1},"end":{"line":51,"column":2}}]},"17":{"type":"branch","line":53,"loc":{"start":{"line":53,"column":35},"end":{"line":64,"column":3}},"locations":[{"start":{"line":53,"column":35},"end":{"line":64,"column":3}}]},"18":{"type":"branch","line":54,"loc":{"start":{"line":54,"column":28},"end":{"line":57,"column":5}},"locations":[{"start":{"line":54,"column":28},"end":{"line":57,"column":5}}]},"19":{"type":"branch","line":58,"loc":{"start":{"line":58,"column":-1},"end":{"line":58,"column":42}},"locations":[{"start":{"line":58,"column":-1},"end":{"line":58,"column":42}}]},"20":{"type":"branch","line":58,"loc":{"start":{"line":58,"column":42},"end":{"line":61,"column":5}},"locations":[{"start":{"line":58,"column":42},"end":{"line":61,"column":5}}]},"21":{"type":"branch","line":62,"loc":{"start":{"line":62,"column":-1},"end":{"line":64,"column":2}},"locations":[{"start":{"line":62,"column":-1},"end":{"line":64,"column":2}}]}},"b":{"0":[1],"1":[1],"2":[7],"3":[2],"4":[5],"5":[16],"6":[1],"7":[5],"8":[4],"9":[2],"10":[1],"11":[3],"12":[2],"13":[2],"14":[1],"15":[1],"16":[0],"17":[6],"18":[1],"19":[5],"20":[1],"21":[4]},"fnMap":{"0":{"name":"getUniqKeys","decl":{"start":{"line":3,"column":20},"end":{"line":13,"column":1}},"loc":{"start":{"line":3,"column":20},"end":{"line":13,"column":1}},"line":3},"1":{"name":"genDiff","decl":{"start":{"line":15,"column":16},"end":{"line":69,"column":1}},"loc":{"start":{"line":15,"column":16},"end":{"line":69,"column":1}},"line":15}},"f":{"0":1,"1":1}}
}
