TN:
SF:bin/getDiff.js
FN:6,getExtension
FN:8,parseFileAsString
FN:10,getDiff
FNF:3
FNH:3
FNDA:1,getExtension
FNDA:2,parseFileAsString
FNDA:1,getDiff
DA:1,1
DA:2,1
DA:3,1
DA:4,1
DA:5,1
DA:6,1
DA:7,1
DA:8,1
DA:9,1
DA:10,1
DA:11,1
DA:12,1
DA:13,1
DA:14,1
DA:15,1
DA:16,1
DA:17,1
DA:18,1
DA:19,1
DA:20,1
DA:21,1
DA:22,1
DA:23,1
DA:24,1
DA:25,1
DA:26,1
DA:27,1
DA:28,1
LF:28
LH:28
BRDA:1,0,0,1
BRDA:6,1,0,1
BRDA:8,2,0,2
BRDA:10,3,0,1
BRDA:18,4,0,0
BRDA:24,5,0,0
BRF:6
BRH:4
end_of_record
TN:
SF:src/gendiff.js
FN:3,getUniqKeys
FN:15,genDiff
FNF:2
FNH:2
FNDA:1,getUniqKeys
FNDA:1,genDiff
DA:1,1
DA:2,1
DA:3,1
DA:4,1
DA:5,7
DA:6,7
DA:7,2
DA:8,2
DA:9,5
DA:10,5
DA:11,1
DA:12,1
DA:13,1
DA:14,1
DA:15,1
DA:16,1
DA:17,1
DA:18,1
DA:19,1
DA:20,1
DA:21,1
DA:22,5
DA:23,5
DA:24,2
DA:25,1
DA:26,1
DA:27,1
DA:28,1
DA:29,1
DA:30,1
DA:31,1
DA:32,1
DA:33,1
DA:34,1
DA:35,1
DA:36,1
DA:37,1
DA:38,5
DA:39,2
DA:40,2
DA:41,2
DA:42,2
DA:43,2
DA:44,5
DA:45,1
DA:46,1
DA:47,1
DA:48,1
DA:49,1
DA:50,0
DA:51,1
DA:52,1
DA:53,1
DA:54,6
DA:55,1
DA:56,1
DA:57,1
DA:58,6
DA:59,1
DA:60,1
DA:61,1
DA:62,4
DA:63,4
DA:64,1
DA:65,1
DA:66,1
DA:67,1
DA:68,1
DA:69,1
DA:70,1
DA:71,1
LF:71
LH:70
BRDA:1,0,0,1
BRDA:3,1,0,1
BRDA:4,2,0,7
BRDA:6,3,0,2
BRDA:9,4,0,5
BRDA:6,5,0,16
BRDA:15,6,0,1
BRDA:21,7,0,5
BRDA:23,8,0,4
BRDA:23,9,0,2
BRDA:24,10,0,1
BRDA:38,11,0,3
BRDA:38,12,0,2
BRDA:38,13,0,2
BRDA:44,14,0,1
BRDA:44,15,0,1
BRDA:50,16,0,0
BRDA:53,17,0,6
BRDA:54,18,0,1
BRDA:58,19,0,5
BRDA:58,20,0,1
BRDA:62,21,0,4
BRF:22
BRH:21
end_of_record
